Removed Pin From Net: NetName=NetPW1_18 Pin=R3-2
Removed Pin From Net: NetName=NetPW1_17 Pin=R4-2
Removed Pin From Net: NetName=NetPW1_16 Pin=R5-2
Removed Pin From Net: NetName=NetPW1_15 Pin=R6-2
Removed Pin From Net: NetName=NetPW1_14 Pin=R7-2
Removed Pin From Net: NetName=NetPW1_13 Pin=R8-2
Removed Pin From Net: NetName=NetPW1_12 Pin=R9-2
Removed Pin From Net: NetName=NetPW1_11 Pin=R10-2
Removed Pin From Net: NetName=NetPW2_18 Pin=R12-2
Removed Pin From Net: NetName=NetPW2_17 Pin=R13-2
Removed Pin From Net: NetName=NetPW2_16 Pin=R14-2
Removed Pin From Net: NetName=NetPW2_15 Pin=R15-2
Removed Pin From Net: NetName=NetPW2_14 Pin=R16-2
Removed Pin From Net: NetName=NetPW2_13 Pin=R17-2
Removed Pin From Net: NetName=PNT Pin=R18-1
Removed Pin From Net: NetName=NetPW2_12 Pin=R18-2
Removed Pin From Net: NetName=NetPW1_7 Pin=U1-4
Removed Pin From Net: NetName=NetPW1_6 Pin=U1-5
Removed Pin From Net: NetName=NetPW1_5 Pin=U1-6
Removed Pin From Net: NetName=NetPW1_4 Pin=U1-7
Removed Pin From Net: NetName=NetPW1_3 Pin=U1-8
Removed Pin From Net: NetName=NetPW1_1 Pin=U1-9
Removed Pin From Net: NetName=NetPW1_2 Pin=U1-10
Removed Pin From Net: NetName=NetPW1_8 Pin=U1-18
Removed Pin From Net: NetName=NetPW2_6 Pin=U2-6
Removed Pin From Net: NetName=NetPW2_5 Pin=U2-7
Removed Pin From Net: NetName=NetPW2_4 Pin=U2-8
Removed Pin From Net: NetName=NetPW2_2 Pin=U2-9
Removed Pin From Net: NetName=NetPW2_3 Pin=U2-10
Removed Pin From Net: NetName=NetPW2_1 Pin=U2-11
Removed Member From Class: ClassName=Main_Logic Member=R18
Added Pin To Net: NetName=NetPW1_18 Pin=R1-2
Added Pin To Net: NetName=NetPW1_17 Pin=R3-2
Added Pin To Net: NetName=NetPW1_16 Pin=R4-2
Added Pin To Net: NetName=NetPW1_15 Pin=R5-2
Added Pin To Net: NetName=NetPW1_14 Pin=R6-2
Added Pin To Net: NetName=NetPW1_13 Pin=R7-2
Added Pin To Net: NetName=NetPW1_12 Pin=R8-2
Added Pin To Net: NetName=NetPW1_11 Pin=R9-2
Added Pin To Net: NetName=NetPW2_18 Pin=R10-2
Added Pin To Net: NetName=NetPW2_17 Pin=R11-2
Added Pin To Net: NetName=NetPW2_16 Pin=R12-2
Added Pin To Net: NetName=NetPW2_15 Pin=R13-2
Added Pin To Net: NetName=NetPW2_14 Pin=R14-2
Added Pin To Net: NetName=NetPW2_13 Pin=R15-2
Added Pin To Net: NetName=NetPW2_12 Pin=R16-2
Added Pin To Net: NetName=NetPW1_8 Pin=U1-4
Added Pin To Net: NetName=NetPW1_7 Pin=U1-5
Added Pin To Net: NetName=NetPW1_6 Pin=U1-6
Added Pin To Net: NetName=NetPW1_5 Pin=U1-7
Added Pin To Net: NetName=NetPW1_4 Pin=U1-8
Added Pin To Net: NetName=NetPW1_2 Pin=U1-9
Added Pin To Net: NetName=NetPW1_3 Pin=U1-10
Added Pin To Net: NetName=NetPW1_1 Pin=U1-11
Added Pin To Net: NetName=NetPW2_2 Pin=U1-17
Added Pin To Net: NetName=NetPW2_1 Pin=U1-18
Added Pin To Net: NetName=NetPW2_6 Pin=U2-8
Added Pin To Net: NetName=NetPW2_4 Pin=U2-9
Added Pin To Net: NetName=NetPW2_5 Pin=U2-10
Added Pin To Net: NetName=NetPW2_3 Pin=U2-11
Added Pin To Net: NetName=NetPW2_7 Pin=PW2-7
Added Pin To Net: NetName=NetPW2_7 Pin=U2-7
Added Net: Name=NetPW2_7
Added Pin To Net: NetName=NetPW2_8 Pin=PW2-8
Added Pin To Net: NetName=NetPW2_8 Pin=U2-6
Added Net: Name=NetPW2_8
Added Pin To Net: NetName=NetPW2_11 Pin=PW2-11
Added Pin To Net: NetName=NetPW2_11 Pin=R17-2
Added Net: Name=NetPW2_11
