Change Component Designator: Old Designator=BMP-1 New Designator=BMP-?
Change Component Designator: Old Designator=btn1 New Designator=btn?
Change Component Designator: Old Designator=btn2 New Designator=btn?
Change Component Designator: Old Designator=btn3 New Designator=btn?
Change Component Designator: Old Designator=btn4 New Designator=btn?
Change Component Designator: Old Designator=btn5 New Designator=btn?
Change Component Designator: Old Designator=C1 New Designator=C?
Change Component Designator: Old Designator=C2 New Designator=C?
Change Component Designator: Old Designator=C3 New Designator=C?
Change Component Designator: Old Designator=C4 New Designator=C?
Change Component Designator: Old Designator=C5 New Designator=C?
Change Component Designator: Old Designator=C6 New Designator=C?
Change Component Designator: Old Designator=cn1 New Designator=cn?
Change Component Designator: Old Designator=mcu1 New Designator=mcu?
Change Component Designator: Old Designator=PW1 New Designator=PW?
Change Component Designator: Old Designator=PW2 New Designator=PW?
Change Component Designator: Old Designator=R1 New Designator=R?
Change Component Designator: Old Designator=R2 New Designator=R?
Change Component Designator: Old Designator=R3 New Designator=R?
Change Component Designator: Old Designator=R4 New Designator=R?
Change Component Designator: Old Designator=R5 New Designator=R?
Change Component Designator: Old Designator=R6 New Designator=R?
Change Component Designator: Old Designator=R7 New Designator=R?
Change Component Designator: Old Designator=R8 New Designator=R?
Change Component Designator: Old Designator=R9 New Designator=R?
Change Component Designator: Old Designator=R10 New Designator=R?
Change Component Designator: Old Designator=R11 New Designator=R?
Change Component Designator: Old Designator=R12 New Designator=R?
Change Component Designator: Old Designator=SHT-1 New Designator=SHT-?
Change Component Designator: Old Designator=TFT 1 New Designator=TFT ?
Change Component Designator: Old Designator=U1 New Designator=U?
Change Component Designator: Old Designator=U2 New Designator=U?
